<?xml version="1.0" encoding="UTF-8"?>
<coverage generated="1781503703399" clover="3.2.0">
  <project timestamp="1781503703400" name="All files">
    <metrics statements="78" coveredstatements="78" conditionals="52" coveredconditionals="52" methods="9" coveredmethods="9" elements="139" coveredelements="139" complexity="0" loc="78" ncloc="78" packages="1" files="1" classes="1"/>
    <file name="footprintMath.js" path="/home/krishna/Downloads/carbon-main/src/utils/footprintMath.js">
      <metrics statements="78" coveredstatements="78" conditionals="52" coveredconditionals="52" methods="9" coveredmethods="9"/>
      <line num="9" count="1" type="stmt"/>
      <line num="42" count="1" type="stmt"/>
      <line num="57" count="1" type="stmt"/>
      <line num="85" count="78" type="cond" truecount="4" falsecount="0"/>
      <line num="86" count="19" type="stmt"/>
      <line num="88" count="59" type="cond" truecount="2" falsecount="0"/>
      <line num="89" count="59" type="cond" truecount="2" falsecount="0"/>
      <line num="90" count="1" type="stmt"/>
      <line num="92" count="58" type="stmt"/>
      <line num="102" count="14" type="stmt"/>
      <line num="113" count="37" type="cond" truecount="4" falsecount="0"/>
      <line num="114" count="8" type="stmt"/>
      <line num="116" count="29" type="stmt"/>
      <line num="118" count="29" type="stmt"/>
      <line num="143" count="7" type="cond" truecount="2" falsecount="0"/>
      <line num="145" count="6" type="cond" truecount="2" falsecount="0"/>
      <line num="146" count="6" type="cond" truecount="2" falsecount="0"/>
      <line num="147" count="6" type="cond" truecount="2" falsecount="0"/>
      <line num="148" count="6" type="cond" truecount="2" falsecount="0"/>
      <line num="149" count="6" type="cond" truecount="2" falsecount="0"/>
      <line num="152" count="6" type="stmt"/>
      <line num="153" count="6" type="stmt"/>
      <line num="154" count="6" type="stmt"/>
      <line num="155" count="6" type="cond" truecount="2" falsecount="0"/>
      <line num="156" count="3" type="stmt"/>
      <line num="157" count="3" type="cond" truecount="2" falsecount="0"/>
      <line num="158" count="1" type="stmt"/>
      <line num="160" count="6" type="stmt"/>
      <line num="161" count="6" type="stmt"/>
      <line num="162" count="6" type="stmt"/>
      <line num="163" count="6" type="stmt"/>
      <line num="166" count="6" type="stmt"/>
      <line num="167" count="6" type="stmt"/>
      <line num="168" count="6" type="stmt"/>
      <line num="172" count="6" type="stmt"/>
      <line num="173" count="6" type="cond" truecount="2" falsecount="0"/>
      <line num="178" count="6" type="stmt"/>
      <line num="179" count="6" type="stmt"/>
      <line num="180" count="6" type="stmt"/>
      <line num="181" count="6" type="cond" truecount="2" falsecount="0"/>
      <line num="184" count="6" type="stmt"/>
      <line num="187" count="6" type="stmt"/>
      <line num="188" count="6" type="stmt"/>
      <line num="189" count="6" type="stmt"/>
      <line num="190" count="6" type="cond" truecount="2" falsecount="0"/>
      <line num="191" count="6" type="stmt"/>
      <line num="196" count="6" type="stmt"/>
      <line num="212" count="1" type="stmt"/>
      <line num="213" count="5" type="stmt"/>
      <line num="229" count="5" type="cond" truecount="2" falsecount="0"/>
      <line num="231" count="4" type="stmt"/>
      <line num="232" count="4" type="stmt"/>
      <line num="233" count="4" type="stmt"/>
      <line num="234" count="4" type="stmt"/>
      <line num="235" count="4" type="stmt"/>
      <line num="236" count="4" type="stmt"/>
      <line num="238" count="4" type="stmt"/>
      <line num="239" count="4" type="stmt"/>
      <line num="241" count="4" type="cond" truecount="2" falsecount="0"/>
      <line num="244" count="4" type="stmt"/>
      <line num="246" count="4" type="cond" truecount="2" falsecount="0"/>
      <line num="250" count="4" type="stmt"/>
      <line num="265" count="5" type="cond" truecount="2" falsecount="0"/>
      <line num="267" count="4" type="stmt"/>
      <line num="268" count="4" type="stmt"/>
      <line num="269" count="4" type="stmt"/>
      <line num="270" count="4" type="stmt"/>
      <line num="271" count="4" type="stmt"/>
      <line num="273" count="4" type="stmt"/>
      <line num="274" count="4" type="stmt"/>
      <line num="287" count="5" type="cond" truecount="2" falsecount="0"/>
      <line num="289" count="4" type="stmt"/>
      <line num="290" count="4" type="stmt"/>
      <line num="291" count="4" type="stmt"/>
      <line num="293" count="4" type="cond" truecount="2" falsecount="0"/>
      <line num="297" count="4" type="cond" truecount="2" falsecount="0"/>
      <line num="301" count="4" type="cond" truecount="2" falsecount="0"/>
      <line num="305" count="4" type="stmt"/>
    </file>
  </project>
</coverage>
