{"/home/krishna/Downloads/carbon/src/utils/footprintMath.js": {"path":"/home/krishna/Downloads/carbon/src/utils/footprintMath.js","statementMap":{"0":{"start":{"line":9,"column":40},"end":{"line":39,"column":1}},"1":{"start":{"line":42,"column":39},"end":{"line":54,"column":1}},"2":{"start":{"line":57,"column":37},"end":{"line":74,"column":1}},"3":{"start":{"line":85,"column":2},"end":{"line":87,"column":3}},"4":{"start":{"line":86,"column":4},"end":{"line":86,"column":24}},"5":{"start":{"line":88,"column":17},"end":{"line":88,"column":78}},"6":{"start":{"line":89,"column":2},"end":{"line":91,"column":3}},"7":{"start":{"line":90,"column":4},"end":{"line":90,"column":24}},"8":{"start":{"line":92,"column":2},"end":{"line":92,"column":29}},"9":{"start":{"line":102,"column":2},"end":{"line":102,"column":17}},"10":{"start":{"line":113,"column":2},"end":{"line":115,"column":3}},"11":{"start":{"line":114,"column":4},"end":{"line":114,"column":24}},"12":{"start":{"line":116,"column":14},"end":{"line":116,"column":34}},"13":{"start":{"line":118,"column":2},"end":{"line":118,"column":37}},"14":{"start":{"line":143,"column":2},"end":{"line":143,"column":83}},"15":{"start":{"line":143,"column":13},"end":{"line":143,"column":83}},"16":{"start":{"line":145,"column":20},"end":{"line":145,"column":40}},"17":{"start":{"line":146,"column":18},"end":{"line":146,"column":36}},"18":{"start":{"line":147,"column":15},"end":{"line":147,"column":30}},"19":{"start":{"line":148,"column":17},"end":{"line":148,"column":34}},"20":{"start":{"line":149,"column":20},"end":{"line":149,"column":40}},"21":{"start":{"line":152,"column":16},"end":{"line":152,"column":47}},"22":{"start":{"line":153,"column":19},"end":{"line":153,"column":65}},"23":{"start":{"line":154,"column":18},"end":{"line":154,"column":59}},"24":{"start":{"line":155,"column":2},"end":{"line":159,"column":3}},"25":{"start":{"line":156,"column":4},"end":{"line":156,"column":59}},"26":{"start":{"line":157,"column":9},"end":{"line":159,"column":3}},"27":{"start":{"line":158,"column":4},"end":{"line":158,"column":62}},"28":{"start":{"line":160,"column":20},"end":{"line":160,"column":42}},"29":{"start":{"line":161,"column":19},"end":{"line":161,"column":53}},"30":{"start":{"line":162,"column":24},"end":{"line":162,"column":89}},"31":{"start":{"line":163,"column":25},"end":{"line":163,"column":50}},"32":{"start":{"line":166,"column":20},"end":{"line":166,"column":53}},"33":{"start":{"line":167,"column":19},"end":{"line":167,"column":51}},"34":{"start":{"line":168,"column":23},"end":{"line":169,"column":78}},"35":{"start":{"line":172,"column":19},"end":{"line":172,"column":59}},"36":{"start":{"line":173,"column":20},"end":{"line":175,"column":43}},"37":{"start":{"line":178,"column":22},"end":{"line":178,"column":56}},"38":{"start":{"line":179,"column":28},"end":{"line":179,"column":94}},"39":{"start":{"line":180,"column":24},"end":{"line":180,"column":67}},"40":{"start":{"line":181,"column":24},"end":{"line":183,"column":49}},"41":{"start":{"line":184,"column":22},"end":{"line":184,"column":55}},"42":{"start":{"line":187,"column":23},"end":{"line":187,"column":61}},"43":{"start":{"line":188,"column":25},"end":{"line":188,"column":99}},"44":{"start":{"line":189,"column":20},"end":{"line":189,"column":56}},"45":{"start":{"line":190,"column":28},"end":{"line":190,"column":97}},"46":{"start":{"line":191,"column":25},"end":{"line":194,"column":3}},"47":{"start":{"line":196,"column":2},"end":{"line":202,"column":4}},"48":{"start":{"line":212,"column":20},"end":{"line":212,"column":50}},"49":{"start":{"line":213,"column":2},"end":{"line":213,"column":69}},"50":{"start":{"line":213,"column":55},"end":{"line":213,"column":64}},"51":{"start":{"line":229,"column":2},"end":{"line":229,"column":22}},"52":{"start":{"line":229,"column":13},"end":{"line":229,"column":22}},"53":{"start":{"line":231,"column":18},"end":{"line":231,"column":46}},"54":{"start":{"line":232,"column":17},"end":{"line":232,"column":44}},"55":{"start":{"line":233,"column":18},"end":{"line":233,"column":46}},"56":{"start":{"line":234,"column":19},"end":{"line":234,"column":48}},"57":{"start":{"line":235,"column":19},"end":{"line":235,"column":49}},"58":{"start":{"line":236,"column":19},"end":{"line":236,"column":59}},"59":{"start":{"line":238,"column":23},"end":{"line":238,"column":95}},"60":{"start":{"line":239,"column":24},"end":{"line":239,"column":85}},"61":{"start":{"line":241,"column":21},"end":{"line":243,"column":60}},"62":{"start":{"line":244,"column":21},"end":{"line":244,"column":47}},"63":{"start":{"line":246,"column":20},"end":{"line":248,"column":48}},"64":{"start":{"line":250,"column":2},"end":{"line":250,"column":63}},"65":{"start":{"line":265,"column":2},"end":{"line":265,"column":27}},"66":{"start":{"line":265,"column":18},"end":{"line":265,"column":27}},"67":{"start":{"line":267,"column":13},"end":{"line":267,"column":41}},"68":{"start":{"line":268,"column":13},"end":{"line":268,"column":41}},"69":{"start":{"line":269,"column":13},"end":{"line":269,"column":41}},"70":{"start":{"line":270,"column":13},"end":{"line":270,"column":41}},"71":{"start":{"line":271,"column":13},"end":{"line":271,"column":41}},"72":{"start":{"line":273,"column":19},"end":{"line":273,"column":41}},"73":{"start":{"line":274,"column":2},"end":{"line":274,"column":46}},"74":{"start":{"line":287,"column":2},"end":{"line":287,"column":29}},"75":{"start":{"line":287,"column":20},"end":{"line":287,"column":29}},"76":{"start":{"line":289,"column":20},"end":{"line":289,"column":64}},"77":{"start":{"line":290,"column":19},"end":{"line":290,"column":65}},"78":{"start":{"line":291,"column":24},"end":{"line":291,"column":75}},"79":{"start":{"line":293,"column":22},"end":{"line":295,"column":41}},"80":{"start":{"line":297,"column":21},"end":{"line":299,"column":43}},"81":{"start":{"line":301,"column":26},"end":{"line":303,"column":48}},"82":{"start":{"line":305,"column":2},"end":{"line":305,"column":52}}},"fnMap":{"0":{"name":"sanitizeNumber","decl":{"start":{"line":84,"column":16},"end":{"line":84,"column":30}},"loc":{"start":{"line":84,"column":56},"end":{"line":93,"column":1}},"line":84},"1":{"name":"sanitizeBoolean","decl":{"start":{"line":101,"column":16},"end":{"line":101,"column":31}},"loc":{"start":{"line":101,"column":39},"end":{"line":103,"column":1}},"line":101},"2":{"name":"sanitizeString","decl":{"start":{"line":112,"column":16},"end":{"line":112,"column":30}},"loc":{"start":{"line":112,"column":57},"end":{"line":119,"column":1}},"line":112},"3":{"name":"calculateCarbonBreakdown","decl":{"start":{"line":142,"column":16},"end":{"line":142,"column":40}},"loc":{"start":{"line":142,"column":47},"end":{"line":203,"column":1}},"line":142},"4":{"name":"calculateCarbonFootprint","decl":{"start":{"line":211,"column":16},"end":{"line":211,"column":40}},"loc":{"start":{"line":211,"column":47},"end":{"line":214,"column":1}},"line":211},"5":{"name":"(anonymous_5)","decl":{"start":{"line":213,"column":41},"end":{"line":213,"column":42}},"loc":{"start":{"line":213,"column":55},"end":{"line":213,"column":64}},"line":213},"6":{"name":"calculateWaterFootprint","decl":{"start":{"line":228,"column":16},"end":{"line":228,"column":39}},"loc":{"start":{"line":228,"column":46},"end":{"line":251,"column":1}},"line":228},"7":{"name":"calculateSqScore","decl":{"start":{"line":264,"column":16},"end":{"line":264,"column":32}},"loc":{"start":{"line":264,"column":44},"end":{"line":275,"column":1}},"line":264},"8":{"name":"calculateVulnerabilityScore","decl":{"start":{"line":286,"column":16},"end":{"line":286,"column":43}},"loc":{"start":{"line":286,"column":57},"end":{"line":306,"column":1}},"line":286}},"branchMap":{"0":{"loc":{"start":{"line":84,"column":38},"end":{"line":84,"column":54}},"type":"default-arg","locations":[{"start":{"line":84,"column":53},"end":{"line":84,"column":54}}],"line":84},"1":{"loc":{"start":{"line":85,"column":2},"end":{"line":87,"column":3}},"type":"if","locations":[{"start":{"line":85,"column":2},"end":{"line":87,"column":3}},{"start":{},"end":{}}],"line":85},"2":{"loc":{"start":{"line":85,"column":6},"end":{"line":85,"column":43}},"type":"binary-expr","locations":[{"start":{"line":85,"column":6},"end":{"line":85,"column":20}},{"start":{"line":85,"column":24},"end":{"line":85,"column":43}}],"line":85},"3":{"loc":{"start":{"line":88,"column":17},"end":{"line":88,"column":78}},"type":"cond-expr","locations":[{"start":{"line":88,"column":45},"end":{"line":88,"column":50}},{"start":{"line":88,"column":53},"end":{"line":88,"column":78}}],"line":88},"4":{"loc":{"start":{"line":89,"column":2},"end":{"line":91,"column":3}},"type":"if","locations":[{"start":{"line":89,"column":2},"end":{"line":91,"column":3}},{"start":{},"end":{}}],"line":89},"5":{"loc":{"start":{"line":112,"column":38},"end":{"line":112,"column":55}},"type":"default-arg","locations":[{"start":{"line":112,"column":53},"end":{"line":112,"column":55}}],"line":112},"6":{"loc":{"start":{"line":113,"column":2},"end":{"line":115,"column":3}},"type":"if","locations":[{"start":{"line":113,"column":2},"end":{"line":115,"column":3}},{"start":{},"end":{}}],"line":113},"7":{"loc":{"start":{"line":113,"column":6},"end":{"line":113,"column":43}},"type":"binary-expr","locations":[{"start":{"line":113,"column":6},"end":{"line":113,"column":20}},{"start":{"line":113,"column":24},"end":{"line":113,"column":43}}],"line":113},"8":{"loc":{"start":{"line":143,"column":2},"end":{"line":143,"column":83}},"type":"if","locations":[{"start":{"line":143,"column":2},"end":{"line":143,"column":83}},{"start":{},"end":{}}],"line":143},"9":{"loc":{"start":{"line":145,"column":20},"end":{"line":145,"column":40}},"type":"binary-expr","locations":[{"start":{"line":145,"column":20},"end":{"line":145,"column":34}},{"start":{"line":145,"column":38},"end":{"line":145,"column":40}}],"line":145},"10":{"loc":{"start":{"line":146,"column":18},"end":{"line":146,"column":36}},"type":"binary-expr","locations":[{"start":{"line":146,"column":18},"end":{"line":146,"column":30}},{"start":{"line":146,"column":34},"end":{"line":146,"column":36}}],"line":146},"11":{"loc":{"start":{"line":147,"column":15},"end":{"line":147,"column":30}},"type":"binary-expr","locations":[{"start":{"line":147,"column":15},"end":{"line":147,"column":24}},{"start":{"line":147,"column":28},"end":{"line":147,"column":30}}],"line":147},"12":{"loc":{"start":{"line":148,"column":17},"end":{"line":148,"column":34}},"type":"binary-expr","locations":[{"start":{"line":148,"column":17},"end":{"line":148,"column":28}},{"start":{"line":148,"column":32},"end":{"line":148,"column":34}}],"line":148},"13":{"loc":{"start":{"line":149,"column":20},"end":{"line":149,"column":40}},"type":"binary-expr","locations":[{"start":{"line":149,"column":20},"end":{"line":149,"column":34}},{"start":{"line":149,"column":38},"end":{"line":149,"column":40}}],"line":149},"14":{"loc":{"start":{"line":155,"column":2},"end":{"line":159,"column":3}},"type":"if","locations":[{"start":{"line":155,"column":2},"end":{"line":159,"column":3}},{"start":{"line":157,"column":9},"end":{"line":159,"column":3}}],"line":155},"15":{"loc":{"start":{"line":157,"column":9},"end":{"line":159,"column":3}},"type":"if","locations":[{"start":{"line":157,"column":9},"end":{"line":159,"column":3}},{"start":{},"end":{}}],"line":157},"16":{"loc":{"start":{"line":173,"column":20},"end":{"line":175,"column":43}},"type":"cond-expr","locations":[{"start":{"line":174,"column":6},"end":{"line":174,"column":45}},{"start":{"line":175,"column":6},"end":{"line":175,"column":43}}],"line":173},"17":{"loc":{"start":{"line":181,"column":24},"end":{"line":183,"column":49}},"type":"cond-expr","locations":[{"start":{"line":182,"column":6},"end":{"line":182,"column":79}},{"start":{"line":183,"column":6},"end":{"line":183,"column":49}}],"line":181},"18":{"loc":{"start":{"line":190,"column":28},"end":{"line":190,"column":97}},"type":"cond-expr","locations":[{"start":{"line":190,"column":40},"end":{"line":190,"column":93}},{"start":{"line":190,"column":96},"end":{"line":190,"column":97}}],"line":190},"19":{"loc":{"start":{"line":229,"column":2},"end":{"line":229,"column":22}},"type":"if","locations":[{"start":{"line":229,"column":2},"end":{"line":229,"column":22}},{"start":{},"end":{}}],"line":229},"20":{"loc":{"start":{"line":241,"column":21},"end":{"line":243,"column":60}},"type":"cond-expr","locations":[{"start":{"line":242,"column":6},"end":{"line":242,"column":58}},{"start":{"line":243,"column":6},"end":{"line":243,"column":60}}],"line":241},"21":{"loc":{"start":{"line":246,"column":20},"end":{"line":248,"column":48}},"type":"cond-expr","locations":[{"start":{"line":247,"column":6},"end":{"line":247,"column":50}},{"start":{"line":248,"column":6},"end":{"line":248,"column":48}}],"line":246},"22":{"loc":{"start":{"line":265,"column":2},"end":{"line":265,"column":27}},"type":"if","locations":[{"start":{"line":265,"column":2},"end":{"line":265,"column":27}},{"start":{},"end":{}}],"line":265},"23":{"loc":{"start":{"line":287,"column":2},"end":{"line":287,"column":29}},"type":"if","locations":[{"start":{"line":287,"column":2},"end":{"line":287,"column":29}},{"start":{},"end":{}}],"line":287},"24":{"loc":{"start":{"line":293,"column":22},"end":{"line":295,"column":41}},"type":"cond-expr","locations":[{"start":{"line":294,"column":6},"end":{"line":294,"column":45}},{"start":{"line":295,"column":6},"end":{"line":295,"column":41}}],"line":293},"25":{"loc":{"start":{"line":297,"column":21},"end":{"line":299,"column":43}},"type":"cond-expr","locations":[{"start":{"line":298,"column":6},"end":{"line":298,"column":43}},{"start":{"line":299,"column":6},"end":{"line":299,"column":43}}],"line":297},"26":{"loc":{"start":{"line":301,"column":26},"end":{"line":303,"column":48}},"type":"cond-expr","locations":[{"start":{"line":302,"column":6},"end":{"line":302,"column":53}},{"start":{"line":303,"column":6},"end":{"line":303,"column":48}}],"line":301}},"s":{"0":1,"1":1,"2":1,"3":74,"4":19,"5":55,"6":55,"7":1,"8":54,"9":13,"10":33,"11":8,"12":25,"13":25,"14":6,"15":0,"16":6,"17":6,"18":6,"19":6,"20":6,"21":6,"22":6,"23":6,"24":6,"25":3,"26":3,"27":1,"28":6,"29":6,"30":6,"31":6,"32":6,"33":6,"34":6,"35":6,"36":6,"37":6,"38":6,"39":6,"40":6,"41":6,"42":6,"43":6,"44":6,"45":6,"46":6,"47":6,"48":1,"49":1,"50":5,"51":3,"52":0,"53":3,"54":3,"55":3,"56":3,"57":3,"58":3,"59":3,"60":3,"61":3,"62":3,"63":3,"64":3,"65":5,"66":1,"67":4,"68":4,"69":4,"70":4,"71":4,"72":4,"73":4,"74":4,"75":1,"76":3,"77":3,"78":3,"79":3,"80":3,"81":3,"82":3},"f":{"0":74,"1":13,"2":33,"3":6,"4":1,"5":5,"6":3,"7":5,"8":4},"b":{"0":[71],"1":[19,55],"2":[74,73],"3":[53,2],"4":[1,54],"5":[2],"6":[8,25],"7":[33,32],"8":[0,6],"9":[6,1],"10":[6,3],"11":[6,3],"12":[6,3],"13":[6,3],"14":[3,3],"15":[1,2],"16":[5,1],"17":[5,1],"18":[2,4],"19":[0,3],"20":[1,2],"21":[3,0],"22":[1,4],"23":[1,3],"24":[3,0],"25":[3,0],"26":[3,0]},"_coverageSchema":"1a1c01bbd47fc00a2c39e90264f33305004495a9","hash":"62036806d6dd5d192226c5f731be52a18cf4320a"}
}
