TN:
SF:src/utils/footprintMath.js
FN:84,sanitizeNumber
FN:101,sanitizeBoolean
FN:112,sanitizeString
FN:142,calculateCarbonBreakdown
FN:211,calculateCarbonFootprint
FN:213,(anonymous_5)
FN:228,calculateWaterFootprint
FN:264,calculateSqScore
FN:286,calculateVulnerabilityScore
FNF:9
FNH:9
FNDA:78,sanitizeNumber
FNDA:14,sanitizeBoolean
FNDA:37,sanitizeString
FNDA:7,calculateCarbonBreakdown
FNDA:1,calculateCarbonFootprint
FNDA:5,(anonymous_5)
FNDA:5,calculateWaterFootprint
FNDA:5,calculateSqScore
FNDA:5,calculateVulnerabilityScore
DA:9,1
DA:42,1
DA:57,1
DA:85,78
DA:86,19
DA:88,59
DA:89,59
DA:90,1
DA:92,58
DA:102,14
DA:113,37
DA:114,8
DA:116,29
DA:118,29
DA:143,7
DA:145,6
DA:146,6
DA:147,6
DA:148,6
DA:149,6
DA:152,6
DA:153,6
DA:154,6
DA:155,6
DA:156,3
DA:157,3
DA:158,1
DA:160,6
DA:161,6
DA:162,6
DA:163,6
DA:166,6
DA:167,6
DA:168,6
DA:172,6
DA:173,6
DA:178,6
DA:179,6
DA:180,6
DA:181,6
DA:184,6
DA:187,6
DA:188,6
DA:189,6
DA:190,6
DA:191,6
DA:196,6
DA:212,1
DA:213,5
DA:229,5
DA:231,4
DA:232,4
DA:233,4
DA:234,4
DA:235,4
DA:236,4
DA:238,4
DA:239,4
DA:241,4
DA:244,4
DA:246,4
DA:250,4
DA:265,5
DA:267,4
DA:268,4
DA:269,4
DA:270,4
DA:271,4
DA:273,4
DA:274,4
DA:287,5
DA:289,4
DA:290,4
DA:291,4
DA:293,4
DA:297,4
DA:301,4
DA:305,4
LF:78
LH:78
BRDA:84,0,0,75
BRDA:85,1,0,19
BRDA:85,1,1,59
BRDA:85,2,0,78
BRDA:85,2,1,77
BRDA:88,3,0,57
BRDA:88,3,1,2
BRDA:89,4,0,1
BRDA:89,4,1,58
BRDA:112,5,0,2
BRDA:113,6,0,8
BRDA:113,6,1,29
BRDA:113,7,0,37
BRDA:113,7,1,36
BRDA:143,8,0,1
BRDA:143,8,1,6
BRDA:145,9,0,6
BRDA:145,9,1,1
BRDA:146,10,0,6
BRDA:146,10,1,3
BRDA:147,11,0,6
BRDA:147,11,1,3
BRDA:148,12,0,6
BRDA:148,12,1,3
BRDA:149,13,0,6
BRDA:149,13,1,3
BRDA:155,14,0,3
BRDA:155,14,1,3
BRDA:157,15,0,1
BRDA:157,15,1,2
BRDA:173,16,0,5
BRDA:173,16,1,1
BRDA:181,17,0,5
BRDA:181,17,1,1
BRDA:190,18,0,2
BRDA:190,18,1,4
BRDA:229,19,0,1
BRDA:229,19,1,4
BRDA:241,20,0,1
BRDA:241,20,1,3
BRDA:246,21,0,3
BRDA:246,21,1,1
BRDA:265,22,0,1
BRDA:265,22,1,4
BRDA:287,23,0,1
BRDA:287,23,1,4
BRDA:293,24,0,3
BRDA:293,24,1,1
BRDA:297,25,0,3
BRDA:297,25,1,1
BRDA:301,26,0,3
BRDA:301,26,1,1
BRF:52
BRH:52
end_of_record
