TN:
SF:src/utils/footprintMath.js
FN:84,sanitizeNumber
FN:101,sanitizeBoolean
FN:112,sanitizeString
FN:142,calculateCarbonBreakdown
FN:211,calculateCarbonFootprint
FN:213,(anonymous_5)
FN:228,calculateWaterFootprint
FN:264,calculateSqScore
FN:286,calculateVulnerabilityScore
FNF:9
FNH:9
FNDA:74,sanitizeNumber
FNDA:13,sanitizeBoolean
FNDA:33,sanitizeString
FNDA:6,calculateCarbonBreakdown
FNDA:1,calculateCarbonFootprint
FNDA:5,(anonymous_5)
FNDA:3,calculateWaterFootprint
FNDA:5,calculateSqScore
FNDA:4,calculateVulnerabilityScore
DA:9,1
DA:42,1
DA:57,1
DA:85,74
DA:86,19
DA:88,55
DA:89,55
DA:90,1
DA:92,54
DA:102,13
DA:113,33
DA:114,8
DA:116,25
DA:118,25
DA:143,6
DA:145,6
DA:146,6
DA:147,6
DA:148,6
DA:149,6
DA:152,6
DA:153,6
DA:154,6
DA:155,6
DA:156,3
DA:157,3
DA:158,1
DA:160,6
DA:161,6
DA:162,6
DA:163,6
DA:166,6
DA:167,6
DA:168,6
DA:172,6
DA:173,6
DA:178,6
DA:179,6
DA:180,6
DA:181,6
DA:184,6
DA:187,6
DA:188,6
DA:189,6
DA:190,6
DA:191,6
DA:196,6
DA:212,1
DA:213,5
DA:229,3
DA:231,3
DA:232,3
DA:233,3
DA:234,3
DA:235,3
DA:236,3
DA:238,3
DA:239,3
DA:241,3
DA:244,3
DA:246,3
DA:250,3
DA:265,5
DA:267,4
DA:268,4
DA:269,4
DA:270,4
DA:271,4
DA:273,4
DA:274,4
DA:287,4
DA:289,3
DA:290,3
DA:291,3
DA:293,3
DA:297,3
DA:301,3
DA:305,3
LF:78
LH:78
BRDA:84,0,0,71
BRDA:85,1,0,19
BRDA:85,1,1,55
BRDA:85,2,0,74
BRDA:85,2,1,73
BRDA:88,3,0,53
BRDA:88,3,1,2
BRDA:89,4,0,1
BRDA:89,4,1,54
BRDA:112,5,0,2
BRDA:113,6,0,8
BRDA:113,6,1,25
BRDA:113,7,0,33
BRDA:113,7,1,32
BRDA:143,8,0,0
BRDA:143,8,1,6
BRDA:145,9,0,6
BRDA:145,9,1,1
BRDA:146,10,0,6
BRDA:146,10,1,3
BRDA:147,11,0,6
BRDA:147,11,1,3
BRDA:148,12,0,6
BRDA:148,12,1,3
BRDA:149,13,0,6
BRDA:149,13,1,3
BRDA:155,14,0,3
BRDA:155,14,1,3
BRDA:157,15,0,1
BRDA:157,15,1,2
BRDA:173,16,0,5
BRDA:173,16,1,1
BRDA:181,17,0,5
BRDA:181,17,1,1
BRDA:190,18,0,2
BRDA:190,18,1,4
BRDA:229,19,0,0
BRDA:229,19,1,3
BRDA:241,20,0,1
BRDA:241,20,1,2
BRDA:246,21,0,3
BRDA:246,21,1,0
BRDA:265,22,0,1
BRDA:265,22,1,4
BRDA:287,23,0,1
BRDA:287,23,1,3
BRDA:293,24,0,3
BRDA:293,24,1,0
BRDA:297,25,0,3
BRDA:297,25,1,0
BRDA:301,26,0,3
BRDA:301,26,1,0
BRF:52
BRH:46
end_of_record
